<?xml version="1.0" encoding="UTF-8"?>
<!-- Generated by org.testng.reporters.JUnitReportReporter -->
<testsuite hostname="DESKTOP-5OT4PUP" failures="0" tests="4" name="tests.ApplicationTest" time="4.811" errors="0" timestamp="2025-08-12T20:45:37 IST" skipped="0">
  <testcase classname="tests.ApplicationTest" name="loginFunctionality" time="1.118"/>
  <testcase classname="tests.ApplicationTest" name="AddProduct" time="1.464"/>
  <testcase classname="tests.ApplicationTest" name="CartVerification" time="0.713"/>
  <testcase classname="tests.ApplicationTest" name="Checkout" time="1.516"/>
</testsuite> <!-- tests.ApplicationTest -->
