<?xml version="1.0" encoding="UTF-8"?>
<!-- Generated by org.testng.reporters.JUnitReportReporter -->
<testsuite hostname="DESKTOP-5OT4PUP" failures="0" tests="4" name="tests.LoginTest" time="2.889" errors="0" timestamp="2025-08-12T20:22:59 IST" skipped="0">
  <testcase classname="tests.LoginTest" name="loginFunctionality" time="0.646"/>
  <testcase classname="tests.LoginTest" name="AddProduct" time="0.885"/>
  <testcase classname="tests.LoginTest" name="CartVerification" time="0.389"/>
  <testcase classname="tests.LoginTest" name="Checkout" time="0.969"/>
</testsuite> <!-- tests.LoginTest -->
